# JRE version: OpenJDK Runtime Environment (8.0_242-b01) (build 1.8.0_242-release-1644-b01)
# Java VM: OpenJDK 64-Bit Server VM (25.242-b01 mixed mode windows-amd64 compressed oops)
Heap:
 PSYoungGen      total 393728K, used 268522K [0x00000000d5580000, 0x00000000f4400000, 0x0000000100000000)
  eden space 354304K, 69% used [0x00000000d5580000,0x00000000e4788050,0x00000000eaf80000)
  from space 39424K, 52% used [0x00000000eaf80000,0x00000000ec3b2810,0x00000000ed600000)
  to   space 38400K, 0% used [0x00000000f1e80000,0x00000000f1e80000,0x00000000f4400000)
 ParOldGen       total 155648K, used 66923K [0x0000000080000000, 0x0000000089800000, 0x00000000d5580000)
  object space 155648K, 42% used [0x0000000080000000,0x000000008415ac28,0x0000000089800000)
 Metaspace       used 113146K, capacity 118538K, committed 118680K, reserved 1153024K
  class space    used 14714K, capacity 15761K, committed 15792K, reserved 1048576K
GC Heap History (10 events):
Event: 1073.748 GC heap before
{Heap before GC invocations=21 (full 3):
 PSYoungGen      total 303616K, used 292293K [0x00000000d5580000, 0x00000000ec880000, 0x0000000100000000)
  eden space 269312K, 100% used [0x00000000d5580000,0x00000000e5c80000,0x00000000e5c80000)
  from space 34304K, 66% used [0x00000000e5c80000,0x00000000e72f1438,0x00000000e7e00000)
  to   space 35840K, 0% used [0x00000000ea580000,0x00000000ea580000,0x00000000ec880000)
 ParOldGen       total 97280K, used 51540K [0x0000000080000000, 0x0000000085f00000, 0x00000000d5580000)
  object space 97280K, 52% used [0x0000000080000000,0x0000000083255220,0x0000000085f00000)
 Metaspace       used 92557K, capacity 96832K, committed 97176K, reserved 1134592K
  class space    used 12025K, capacity 12872K, committed 12976K, reserved 1048576K
Event: 1074.299 GC heap after
Heap after GC invocations=21 (full 3):
 PSYoungGen      total 337408K, used 35836K [0x00000000d5580000, 0x00000000ece00000, 0x0000000100000000)
  eden space 301568K, 0% used [0x00000000d5580000,0x00000000d5580000,0x00000000e7c00000)
  from space 35840K, 99% used [0x00000000ea580000,0x00000000ec87f218,0x00000000ec880000)
  to   space 41984K, 0% used [0x00000000e7c00000,0x00000000e7c00000,0x00000000ea500000)
 ParOldGen       total 97280K, used 54041K [0x0000000080000000, 0x0000000085f00000, 0x00000000d5580000)
  object space 97280K, 55% used [0x0000000080000000,0x00000000834c64e0,0x0000000085f00000)
 Metaspace       used 92557K, capacity 96832K, committed 97176K, reserved 1134592K
  class space    used 12025K, capacity 12872K, committed 12976K, reserved 1048576K
}
Event: 1079.584 GC heap before
{Heap before GC invocations=22 (full 3):
 PSYoungGen      total 337408K, used 116403K [0x00000000d5580000, 0x00000000ece00000, 0x0000000100000000)
  eden space 301568K, 26% used [0x00000000d5580000,0x00000000da42da50,0x00000000e7c00000)
  from space 35840K, 99% used [0x00000000ea580000,0x00000000ec87f218,0x00000000ec880000)
  to   space 41984K, 0% used [0x00000000e7c00000,0x00000000e7c00000,0x00000000ea500000)
 ParOldGen       total 97280K, used 54041K [0x0000000080000000, 0x0000000085f00000, 0x00000000d5580000)
  object space 97280K, 55% used [0x0000000080000000,0x00000000834c64e0,0x0000000085f00000)
 Metaspace       used 94152K, capacity 98490K, committed 98584K, reserved 1134592K
  class space    used 12195K, capacity 13071K, committed 13104K, reserved 1048576K
Event: 1079.977 GC heap after
Heap after GC invocations=22 (full 3):
 PSYoungGen      total 343552K, used 22065K [0x00000000d5580000, 0x00000000f0080000, 0x0000000100000000)
  eden space 301568K, 0% used [0x00000000d5580000,0x00000000d5580000,0x00000000e7c00000)
  from space 41984K, 52% used [0x00000000e7c00000,0x00000000e918c6f8,0x00000000ea500000)
  to   space 41472K, 0% used [0x00000000ed800000,0x00000000ed800000,0x00000000f0080000)
 ParOldGen       total 97280K, used 60703K [0x0000000080000000, 0x0000000085f00000, 0x00000000d5580000)
  object space 97280K, 62% used [0x0000000080000000,0x0000000083b47d88,0x0000000085f00000)
 Metaspace       used 94152K, capacity 98490K, committed 98584K, reserved 1134592K
  class space    used 12195K, capacity 13071K, committed 13104K, reserved 1048576K
}
Event: 1079.977 GC heap before
{Heap before GC invocations=23 (full 4):
 PSYoungGen      total 343552K, used 22065K [0x00000000d5580000, 0x00000000f0080000, 0x0000000100000000)
  eden space 301568K, 0% used [0x00000000d5580000,0x00000000d5580000,0x00000000e7c00000)
  from space 41984K, 52% used [0x00000000e7c00000,0x00000000e918c6f8,0x00000000ea500000)
  to   space 41472K, 0% used [0x00000000ed800000,0x00000000ed800000,0x00000000f0080000)
 ParOldGen       total 97280K, used 60703K [0x0000000080000000, 0x0000000085f00000, 0x00000000d5580000)
  object space 97280K, 62% used [0x0000000080000000,0x0000000083b47d88,0x0000000085f00000)
 Metaspace       used 94152K, capacity 98490K, committed 98584K, reserved 1134592K
  class space    used 12195K, capacity 13071K, committed 13104K, reserved 1048576K
Event: 1083.004 GC heap after
Heap after GC invocations=23 (full 4):
 PSYoungGen      total 343552K, used 0K [0x00000000d5580000, 0x00000000f0080000, 0x0000000100000000)
  eden space 301568K, 0% used [0x00000000d5580000,0x00000000d5580000,0x00000000e7c00000)
  from space 41984K, 0% used [0x00000000e7c00000,0x00000000e7c00000,0x00000000ea500000)
  to   space 41472K, 0% used [0x00000000ed800000,0x00000000ed800000,0x00000000f0080000)
 ParOldGen       total 155648K, used 66907K [0x0000000080000000, 0x0000000089800000, 0x00000000d5580000)
  object space 155648K, 42% used [0x0000000080000000,0x0000000084156c28,0x0000000089800000)
 Metaspace       used 94031K, capacity 98154K, committed 98584K, reserved 1134592K
  class space    used 12156K, capacity 13003K, committed 13104K, reserved 1048576K
}
Event: 1179.625 GC heap before
{Heap before GC invocations=24 (full 4):
 PSYoungGen      total 343552K, used 301568K [0x00000000d5580000, 0x00000000f0080000, 0x0000000100000000)
  eden space 301568K, 100% used [0x00000000d5580000,0x00000000e7c00000,0x00000000e7c00000)
  from space 41984K, 0% used [0x00000000e7c00000,0x00000000e7c00000,0x00000000ea500000)
  to   space 41472K, 0% used [0x00000000ed800000,0x00000000ed800000,0x00000000f0080000)
 ParOldGen       total 155648K, used 66907K [0x0000000080000000, 0x0000000089800000, 0x00000000d5580000)
  object space 155648K, 42% used [0x0000000080000000,0x0000000084156c28,0x0000000089800000)
 Metaspace       used 98433K, capacity 102844K, committed 103192K, reserved 1138688K
  class space    used 12629K, capacity 13500K, committed 13616K, reserved 1048576K
Event: 1179.861 GC heap after
Heap after GC invocations=24 (full 4):
 PSYoungGen      total 391680K, used 16220K [0x00000000d5580000, 0x00000000efc80000, 0x0000000100000000)
  eden space 354304K, 0% used [0x00000000d5580000,0x00000000d5580000,0x00000000eaf80000)
  from space 37376K, 43% used [0x00000000ed800000,0x00000000ee7d7130,0x00000000efc80000)
  to   space 39424K, 0% used [0x00000000eaf80000,0x00000000eaf80000,0x00000000ed600000)
 ParOldGen       total 155648K, used 66915K [0x0000000080000000, 0x0000000089800000, 0x00000000d5580000)
  object space 155648K, 42% used [0x0000000080000000,0x0000000084158c28,0x0000000089800000)
 Metaspace       used 98433K, capacity 102844K, committed 103192K, reserved 1138688K
  class space    used 12629K, capacity 13500K, committed 13616K, reserved 1048576K
}
Event: 1306.423 GC heap before
{Heap before GC invocations=25 (full 4):
 PSYoungGen      total 391680K, used 370524K [0x00000000d5580000, 0x00000000efc80000, 0x0000000100000000)
  eden space 354304K, 100% used [0x00000000d5580000,0x00000000eaf80000,0x00000000eaf80000)
  from space 37376K, 43% used [0x00000000ed800000,0x00000000ee7d7130,0x00000000efc80000)
  to   space 39424K, 0% used [0x00000000eaf80000,0x00000000eaf80000,0x00000000ed600000)
 ParOldGen       total 155648K, used 66915K [0x0000000080000000, 0x0000000089800000, 0x00000000d5580000)
  object space 155648K, 42% used [0x0000000080000000,0x0000000084158c28,0x0000000089800000)
 Metaspace       used 105204K, capacity 109784K, committed 109976K, reserved 1144832K
  class space    used 13543K, capacity 14462K, committed 14512K, reserved 1048576K
Event: 1315.266 GC heap after
Heap after GC invocations=25 (full 4):
 PSYoungGen      total 393728K, used 20682K [0x00000000d5580000, 0x00000000f4400000, 0x0000000100000000)
  eden space 354304K, 0% used [0x00000000d5580000,0x00000000d5580000,0x00000000eaf80000)
  from space 39424K, 52% used [0x00000000eaf80000,0x00000000ec3b2810,0x00000000ed600000)
  to   space 38400K, 0% used [0x00000000f1e80000,0x00000000f1e80000,0x00000000f4400000)
 ParOldGen       total 155648K, used 66923K [0x0000000080000000, 0x0000000089800000, 0x00000000d5580000)
  object space 155648K, 42% used [0x0000000080000000,0x000000008415ac28,0x0000000089800000)
 Metaspace       used 105204K, capacity 109784K, committed 109976K, reserved 1144832K
  class space    used 13543K, capacity 14462K, committed 14512K, reserved 1048576K
}

